0 info it worked if it ends with ok
1 verbose cli [ 'node', '/usr/local/bin/npm', 'install', '-g', 'learnyounode' ]
2 info using npm@1.4.28
3 info using node@v0.10.32
4 verbose cache add [ 'learnyounode', null ]
5 verbose cache add name=undefined spec="learnyounode" args=["learnyounode",null]
6 verbose parsed url { protocol: null,
6 verbose parsed url   slashes: null,
6 verbose parsed url   auth: null,
6 verbose parsed url   host: null,
6 verbose parsed url   port: null,
6 verbose parsed url   hostname: null,
6 verbose parsed url   hash: null,
6 verbose parsed url   search: null,
6 verbose parsed url   query: null,
6 verbose parsed url   pathname: 'learnyounode',
6 verbose parsed url   path: 'learnyounode',
6 verbose parsed url   href: 'learnyounode' }
7 silly lockFile 8d456d9f-learnyounode learnyounode
8 verbose lock learnyounode /Users/seanstevens/.npm/8d456d9f-learnyounode.lock
9 silly lockFile 8d456d9f-learnyounode learnyounode
10 silly lockFile 8d456d9f-learnyounode learnyounode
11 verbose addNamed [ 'learnyounode', '' ]
12 verbose addNamed [ null, '*' ]
13 silly lockFile a353de34-learnyounode learnyounode@
14 verbose lock learnyounode@ /Users/seanstevens/.npm/a353de34-learnyounode.lock
15 silly addNameRange { name: 'learnyounode', range: '*', hasData: false }
16 verbose request where is /learnyounode
17 verbose request registry https://registry.npmjs.org/
18 verbose request id 85a1b600f4d5736b
19 verbose url raw /learnyounode
20 verbose url resolving [ 'https://registry.npmjs.org/', './learnyounode' ]
21 verbose url resolved https://registry.npmjs.org/learnyounode
22 verbose request where is https://registry.npmjs.org/learnyounode
23 info trying registry request attempt 1 at 11:00:04
24 verbose etag "4D00ZG1O6OSRY8LMSCZ4M4CO5"
25 http GET https://registry.npmjs.org/learnyounode
26 http 304 https://registry.npmjs.org/learnyounode
27 silly registry.get cb [ 304,
27 silly registry.get   { date: 'Mon, 27 Oct 2014 11:00:03 GMT',
27 silly registry.get     server: 'Apache',
27 silly registry.get     via: '1.1 varnish',
27 silly registry.get     'last-modified': 'Mon, 27 Oct 2014 11:00:03 GMT',
27 silly registry.get     'cache-control': 'max-age=60',
27 silly registry.get     etag: '"4D00ZG1O6OSRY8LMSCZ4M4CO5"',
27 silly registry.get     age: '7493',
27 silly registry.get     'x-served-by': 'cache-lcy1132-LCY',
27 silly registry.get     'x-cache': 'HIT',
27 silly registry.get     'x-cache-hits': '1',
27 silly registry.get     'x-timer': 'S1414407603.372733,VS0,VE84',
27 silly registry.get     vary: 'Accept',
27 silly registry.get     'content-length': '0',
27 silly registry.get     'keep-alive': 'timeout=10, max=50',
27 silly registry.get     connection: 'Keep-Alive' } ]
28 verbose etag https://registry.npmjs.org/learnyounode from cache
29 silly addNameRange number 2 { name: 'learnyounode', range: '*', hasData: true }
30 silly addNameRange versions [ 'learnyounode',
30 silly addNameRange   [ '0.0.0',
30 silly addNameRange     '0.0.1',
30 silly addNameRange     '0.0.2',
30 silly addNameRange     '0.0.3',
30 silly addNameRange     '0.0.4',
30 silly addNameRange     '0.0.5',
30 silly addNameRange     '0.0.6',
30 silly addNameRange     '0.0.7',
30 silly addNameRange     '0.0.8',
30 silly addNameRange     '0.0.9',
30 silly addNameRange     '0.1.0',
30 silly addNameRange     '0.1.1',
30 silly addNameRange     '0.2.0',
30 silly addNameRange     '0.2.1',
30 silly addNameRange     '0.2.2',
30 silly addNameRange     '0.2.3',
30 silly addNameRange     '0.2.4',
30 silly addNameRange     '0.2.5',
30 silly addNameRange     '0.2.6',
30 silly addNameRange     '0.2.7',
30 silly addNameRange     '0.2.8',
30 silly addNameRange     '0.2.9',
30 silly addNameRange     '0.2.10',
30 silly addNameRange     '0.2.11',
30 silly addNameRange     '0.2.12',
30 silly addNameRange     '0.2.13',
30 silly addNameRange     '0.2.14',
30 silly addNameRange     '0.2.15',
30 silly addNameRange     '0.2.16',
30 silly addNameRange     '0.2.16-mimbug',
30 silly addNameRange     '0.3.0',
30 silly addNameRange     '0.3.1',
30 silly addNameRange     '0.3.2',
30 silly addNameRange     '0.3.3',
30 silly addNameRange     '0.4.0',
30 silly addNameRange     '0.4.1',
30 silly addNameRange     '1.0.0-alpha01',
30 silly addNameRange     '1.0.0',
30 silly addNameRange     '1.0.1',
30 silly addNameRange     '1.0.2',
30 silly addNameRange     '1.0.3',
30 silly addNameRange     '1.0.4',
30 silly addNameRange     '1.0.5' ] ]
31 verbose addNamed [ 'learnyounode', '1.0.5' ]
32 verbose addNamed [ '1.0.5', '1.0.5' ]
33 silly lockFile b2b72aca-learnyounode-1-0-5 learnyounode@1.0.5
34 verbose lock learnyounode@1.0.5 /Users/seanstevens/.npm/b2b72aca-learnyounode-1-0-5.lock
35 silly lockFile b2b72aca-learnyounode-1-0-5 learnyounode@1.0.5
36 silly lockFile b2b72aca-learnyounode-1-0-5 learnyounode@1.0.5
37 silly lockFile a353de34-learnyounode learnyounode@
38 silly lockFile a353de34-learnyounode learnyounode@
39 silly resolved [ { name: 'learnyounode',
39 silly resolved     version: '1.0.5',
39 silly resolved     description: 'Learn You The Node.js For Much Win! An intro to Node.js via a set of self-guided workshops.',
39 silly resolved     author:
39 silly resolved      { name: 'Rod Vagg',
39 silly resolved        email: 'rod@vagg.org',
39 silly resolved        url: 'https://github.com/rvagg' },
39 silly resolved     contributors: [ [Object], [Object], [Object], [Object], [Object], [Object] ],
39 silly resolved     repository:
39 silly resolved      { type: 'git',
39 silly resolved        url: 'https://github.com/rvagg/learnyounode.git' },
39 silly resolved     license: 'MIT',
39 silly resolved     dependencies:
39 silly resolved      { workshopper: '^1.0.0-alpha05',
39 silly resolved        'workshopper-exercise': '^0.2.2',
39 silly resolved        'workshopper-wrappedexec': '^0.1.1',
39 silly resolved        'workshopper-boilerplate': '0.0.1',
39 silly resolved        'concat-stream': '^1.4.1',
39 silly resolved        duplexer: '^0.1.1',
39 silly resolved        through: '^2.3.4',
39 silly resolved        boganipsum: '^0.1.0',
39 silly resolved        hyperquest: '^0.2.0',
39 silly resolved        bl: '^0.7.0',
39 silly resolved        'through2-map': '^1.2.1',
39 silly resolved        'colors-tmpl': '^0.1.0',
39 silly resolved        after: '^0.8.1',
39 silly resolved        rimraf: '^2.2.6',
39 silly resolved        chalk: '^0.4.0',
39 silly resolved        through2: '^0.4.1' },
39 silly resolved     bin: { learnyounode: './learnyounode.js' },
39 silly resolved     preferGlobal: true,
39 silly resolved     gitHead: '40caa067fe80c1b0e7a8f0aac1a1e5440d4580ca',
39 silly resolved     bugs: { url: 'https://github.com/rvagg/learnyounode/issues' },
39 silly resolved     homepage: 'https://github.com/rvagg/learnyounode',
39 silly resolved     _id: 'learnyounode@1.0.5',
39 silly resolved     scripts: {},
39 silly resolved     _shasum: '83bbee82bf427b7ab6b4885434d86f0a49c22198',
39 silly resolved     _from: 'learnyounode@',
39 silly resolved     _npmVersion: '1.4.28',
39 silly resolved     _npmUser: { name: 'rvagg', email: 'rod@vagg.org' },
39 silly resolved     maintainers: [ [Object] ],
39 silly resolved     dist:
39 silly resolved      { shasum: '83bbee82bf427b7ab6b4885434d86f0a49c22198',
39 silly resolved        tarball: 'http://registry.npmjs.org/learnyounode/-/learnyounode-1.0.5.tgz' },
39 silly resolved     directories: {},
39 silly resolved     _resolved: 'https://registry.npmjs.org/learnyounode/-/learnyounode-1.0.5.tgz',
39 silly resolved     readme: 'ERROR: No README data found!' } ]
40 info install learnyounode@1.0.5 into /usr/local/lib
41 info installOne learnyounode@1.0.5
42 verbose lib/node_modules/learnyounode unbuild
43 verbose tar unpack /Users/seanstevens/.npm/learnyounode/1.0.5/package.tgz
44 silly lockFile 97422473-al-lib-node-modules-learnyounode tar:///usr/local/lib/node_modules/learnyounode
45 verbose lock tar:///usr/local/lib/node_modules/learnyounode /Users/seanstevens/.npm/97422473-al-lib-node-modules-learnyounode.lock
46 silly lockFile 010c85bc-m-learnyounode-1-0-5-package-tgz tar:///Users/seanstevens/.npm/learnyounode/1.0.5/package.tgz
47 verbose lock tar:///Users/seanstevens/.npm/learnyounode/1.0.5/package.tgz /Users/seanstevens/.npm/010c85bc-m-learnyounode-1-0-5-package-tgz.lock
48 silly gunzTarPerm modes [ '755', '644' ]
49 error Error: EACCES, mkdir '/usr/local/lib/node_modules/learnyounode'
49 error  { [Error: EACCES, mkdir '/usr/local/lib/node_modules/learnyounode']
49 error   errno: 3,
49 error   code: 'EACCES',
49 error   path: '/usr/local/lib/node_modules/learnyounode',
49 error   fstream_type: 'Directory',
49 error   fstream_path: '/usr/local/lib/node_modules/learnyounode',
49 error   fstream_class: 'DirWriter',
49 error   fstream_stack:
49 error    [ '/usr/local/lib/node_modules/npm/node_modules/fstream/lib/dir-writer.js:36:23',
49 error      '/usr/local/lib/node_modules/npm/node_modules/mkdirp/index.js:46:53',
49 error      'Object.oncomplete (fs.js:107:15)' ] }
50 error Please try running this command again as root/Administrator.
51 error System Darwin 13.4.0
52 error command "node" "/usr/local/bin/npm" "install" "-g" "learnyounode"
53 error cwd /Users/seanstevens/Desktop/Makers Academy/chitter
54 error node -v v0.10.32
55 error npm -v 1.4.28
56 error path /usr/local/lib/node_modules/learnyounode
57 error fstream_path /usr/local/lib/node_modules/learnyounode
58 error fstream_type Directory
59 error fstream_class DirWriter
60 error code EACCES
61 error errno 3
62 error stack Error: EACCES, mkdir '/usr/local/lib/node_modules/learnyounode'
63 error fstream_stack /usr/local/lib/node_modules/npm/node_modules/fstream/lib/dir-writer.js:36:23
63 error fstream_stack /usr/local/lib/node_modules/npm/node_modules/mkdirp/index.js:46:53
63 error fstream_stack Object.oncomplete (fs.js:107:15)
64 verbose exit [ 3, true ]
